0 info it worked if it ends with ok
1 verbose cli [ 'K:\\Program Files\\nodejs\\node.exe',
1 verbose cli   'K:\\Program Files\\nodejs\\node_modules\\npm\\bin\\npm-cli.js',
1 verbose cli   'publish' ]
2 info using npm@3.6.0
3 info using node@v5.7.0
4 verbose publish [ '.' ]
5 silly cache add args [ '.', null ]
6 verbose cache add spec .
7 silly cache add parsed spec Result {
7 silly cache add   raw: '.',
7 silly cache add   scope: null,
7 silly cache add   name: null,
7 silly cache add   rawSpec: '.',
7 silly cache add   spec: 'K:\\Dev\\neograph\\ngApi',
7 silly cache add   type: 'directory' }
8 verbose addLocalDirectory K:\AppData\Roaming\npm-cache\NeographAPI\0.1.0\package.tgz not in flight; packing
9 verbose correctMkdir K:\AppData\Roaming\npm-cache correctMkdir not in flight; initializing
10 info lifecycle NeographAPI@0.1.0~prepublish: NeographAPI@0.1.0
11 silly lifecycle NeographAPI@0.1.0~prepublish: no script for prepublish, continuing
12 verbose tar pack [ 'K:\\AppData\\Roaming\\npm-cache\\NeographAPI\\0.1.0\\package.tgz',
12 verbose tar pack   'K:\\Dev\\neograph\\ngApi' ]
13 verbose tarball K:\AppData\Roaming\npm-cache\NeographAPI\0.1.0\package.tgz
14 verbose folder K:\Dev\neograph\ngApi
15 verbose addLocalTarball adding from inside cache K:\AppData\Roaming\npm-cache\NeographAPI\0.1.0\package.tgz
16 verbose correctMkdir K:\AppData\Roaming\npm-cache correctMkdir not in flight; initializing
17 silly cache afterAdd NeographAPI@0.1.0
18 verbose afterAdd K:\AppData\Roaming\npm-cache\NeographAPI\0.1.0\package\package.json not in flight; writing
19 verbose correctMkdir K:\AppData\Roaming\npm-cache correctMkdir not in flight; initializing
20 verbose afterAdd K:\AppData\Roaming\npm-cache\NeographAPI\0.1.0\package\package.json written
21 silly publish { name: 'NeographAPI',
21 silly publish   version: '0.1.0',
21 silly publish   private: false,
21 silly publish   main: './api/routes.js',
21 silly publish   description: 'Api for neograph knowledge management system',
21 silly publish   author: { name: 'J H Woodward', email: 'jw@vsys.co.uk' },
21 silly publish   scripts:
21 silly publish    { lint: 'jshint --exclude ./node_modules .',
21 silly publish      prestart: 'npm run lint',
21 silly publish      start: 'node app.js' },
21 silly publish   jshintConfig: { esversion: 6, laxcomma: true, node: true },
21 silly publish   dependencies:
21 silly publish    { 'body-parser': '~1.8.1',
21 silly publish      debug: '~2.0.0',
21 silly publish      express: '~4.9.0',
21 silly publish      extend: '^3.0.0',
21 silly publish      'request-promise': '^0.4.3' },
21 silly publish   devDependencies: { jshint: '^2.9.1' },
21 silly publish   readme: '﻿# ngApi\r\n\r\n\r\n',
21 silly publish   readmeFilename: 'README.md',
21 silly publish   gitHead: '9605f57bdd86b9325c46bb3e0583b4f87a26a8d0',
21 silly publish   _id: 'NeographAPI@0.1.0',
21 silly publish   _shasum: 'c677399777e616666bd14fb0d7aa85bc6e52efef',
21 silly publish   _from: '.' }
22 verbose getPublishConfig undefined
23 silly mapToRegistry name NeographAPI
24 silly mapToRegistry using default registry
25 silly mapToRegistry registry https://registry.npmjs.org/
26 silly mapToRegistry uri https://registry.npmjs.org/NeographAPI
27 verbose publish registryBase https://registry.npmjs.org/
28 silly publish uploading K:\AppData\Roaming\npm-cache\NeographAPI\0.1.0\package.tgz
29 verbose request uri https://registry.npmjs.org/NeographAPI
30 verbose request sending authorization for write operation
31 info attempt registry request try #1 at 10:12:23 AM
32 verbose request using bearer token for auth
33 verbose request id b7b43ff0031ad202
34 http request PUT https://registry.npmjs.org/NeographAPI
35 http 400 https://registry.npmjs.org/NeographAPI
36 verbose headers { 'content-type': 'application/json',
36 verbose headers   'cache-control': 'max-age=300',
36 verbose headers   'content-length': '54',
36 verbose headers   'accept-ranges': 'bytes',
36 verbose headers   date: 'Thu, 10 Mar 2016 10:12:30 GMT',
36 verbose headers   via: '1.1 varnish',
36 verbose headers   connection: 'keep-alive',
36 verbose headers   'x-served-by': 'cache-lhr6325-LHR',
36 verbose headers   'x-cache': 'MISS',
36 verbose headers   'x-cache-hits': '0',
36 verbose headers   'x-timer': 'S1457604749.444533,VS0,VE885' }
37 verbose request invalidating K:\AppData\Roaming\npm-cache\registry.npmjs.org\NeographAPI on PUT
38 error publish Failed PUT 400
39 verbose stack Error: name can no longer contain capital letters : NeographAPI
39 verbose stack     at makeError (K:\Program Files\nodejs\node_modules\npm\node_modules\npm-registry-client\lib\request.js:264:12)
39 verbose stack     at CachingRegistryClient.<anonymous> (K:\Program Files\nodejs\node_modules\npm\node_modules\npm-registry-client\lib\request.js:252:14)
39 verbose stack     at Request._callback (K:\Program Files\nodejs\node_modules\npm\node_modules\npm-registry-client\lib\request.js:172:14)
39 verbose stack     at Request.self.callback (K:\Program Files\nodejs\node_modules\npm\node_modules\request\request.js:198:22)
39 verbose stack     at emitTwo (events.js:100:13)
39 verbose stack     at Request.emit (events.js:185:7)
39 verbose stack     at Request.<anonymous> (K:\Program Files\nodejs\node_modules\npm\node_modules\request\request.js:1035:10)
39 verbose stack     at emitOne (events.js:95:20)
39 verbose stack     at Request.emit (events.js:182:7)
39 verbose stack     at IncomingMessage.<anonymous> (K:\Program Files\nodejs\node_modules\npm\node_modules\request\request.js:962:12)
40 verbose statusCode 400
41 verbose pkgid NeographAPI
42 verbose cwd K:\Dev\neograph\ngApi
43 error Windows_NT 10.0.10586
44 error argv "K:\\Program Files\\nodejs\\node.exe" "K:\\Program Files\\nodejs\\node_modules\\npm\\bin\\npm-cli.js" "publish"
45 error node v5.7.0
46 error npm  v3.6.0
47 error code E400
48 error name can no longer contain capital letters : NeographAPI
49 error If you need help, you may report this error at:
49 error     <https://github.com/npm/npm/issues>
50 verbose exit [ 1, true ]
